2025-12-08 13:45:53, MOVE, v:1, k:poo@pagamento, mode:PICK
2025-12-08 13:45:56, EXEC, v:1, k:poo@pagamento, mode:LOCK, rate:100
2025-12-08 13:45:57, MOVE, v:1, k:poo@pagamento, mode:BACK
2025-12-08 13:45:58, MOVE, v:1, k:poo@pagamento, mode:PICK
2025-12-08 13:47:34, MOVE, v:1, k:poo@pagamento, mode:BACK
2025-12-08 13:47:36, MOVE, v:1, k:poo@pagamento, mode:PICK
2025-12-08 13:47:39, MOVE, v:1, k:poo@pagamento, mode:BACK
2025-12-08 13:47:40, MOVE, v:1, k:poo@pagamento, mode:PICK
2025-12-08 13:53:55, EXEC, v:1, k:poo@pagamento, mode:LOCK, rate:100, size:41
2025-12-08 13:53:55, MOVE, v:1, k:poo@pagamento, mode:BACK
2025-12-08 13:53:57, MOVE, v:1, k:poo@pagamento, mode:PICK
2025-12-08 13:57:28, MOVE, v:1, k:poo@pagamento, mode:BACK
2025-12-08 13:57:30, MOVE, v:1, k:poo@pagamento, mode:PICK
2025-12-08 13:57:31, EXEC, v:1, k:poo@pagamento, mode:LOCK, rate:100, size:51
2025-12-08 13:57:32, MOVE, v:1, k:poo@pagamento, mode:BACK
2025-12-08 13:57:57, MOVE, v:1, k:poo@pagamento, mode:PICK
2025-12-08 14:08:35, EXEC, v:1, k:poo@pagamento, mode:LOCK, rate:100, size:93
2025-12-08 14:08:36, MOVE, v:1, k:poo@pagamento, mode:BACK
2025-12-08 14:30:03, MOVE, v:1, k:poo@pagamento, mode:PICK
2025-12-08 14:30:04, EXEC, v:1, k:poo@pagamento, mode:FREE, size:131
2025-12-08 14:30:09, MOVE, v:1, k:poo@pagamento, mode:BACK
2025-12-08 14:30:11, MOVE, v:1, k:poo@pagamento, mode:PICK
2025-12-08 14:30:14, EXEC, v:1, k:poo@pagamento, mode:LOCK, rate:0
2025-12-08 14:32:25, EXEC, v:1, k:poo@pagamento, mode:LOCK, rate:0, size:129
2025-12-08 14:33:15, EXEC, v:1, k:poo@pagamento, mode:LOCK, rate:0, size:129
2025-12-08 14:33:56, EXEC, v:1, k:poo@pagamento, mode:LOCK, rate:0, size:129
2025-12-08 14:34:36, EXEC, v:1, k:poo@pagamento, mode:LOCK, rate:0
2025-12-08 14:34:37, MOVE, v:1, k:poo@pagamento, mode:BACK
2025-12-08 14:39:02, MOVE, v:1, k:poo@pagamento, mode:PICK
2025-12-08 14:39:03, EXEC, v:1, k:poo@pagamento, mode:LOCK, rate:100, size:129
2025-12-08 14:39:03, EXEC, v:1, k:poo@pagamento, mode:LOCK, rate:100, size:129
2025-12-08 14:39:06, EXEC, v:1, k:poo@pagamento, mode:LOCK, rate:0, size:129
2025-12-08 14:39:13, MOVE, v:1, k:poo@pagamento, mode:BACK
2025-12-08 14:39:30, MOVE, v:1, k:poo@pagamento, mode:PICK
2025-12-08 14:49:50, MOVE, v:1, k:poo@pagamento, mode:BACK
2025-12-08 14:49:52, MOVE, v:1, k:poo@pagamento, mode:PICK
2025-12-08 15:04:39, EXEC, v:1, k:poo@pagamento, mode:LOCK, rate:0, size:169
2025-12-08 15:05:02, EXEC, v:1, k:poo@pagamento, mode:LOCK, rate:0, size:169
2025-12-08 15:05:09, MOVE, v:1, k:poo@pagamento, mode:BACK
2025-12-08 15:18:20, MOVE, v:1, k:poo@pagamento, mode:PICK
2025-12-08 15:18:22, EXEC, v:1, k:poo@pagamento, mode:FREE, size:191
2025-12-08 15:18:27, EXEC, v:1, k:poo@pagamento, mode:LOCK, rate:0
2025-12-08 15:19:09, MOVE, v:1, k:poo@pagamento, mode:BACK
2025-12-08 15:19:26, MOVE, v:1, k:poo@pagamento, mode:PICK
2025-12-08 15:19:28, EXEC, v:1, k:poo@pagamento, mode:LOCK, rate:0, size:191
2025-12-08 15:19:41, MOVE, v:1, k:poo@pagamento, mode:BACK
2025-12-08 15:28:45, MOVE, v:1, k:poo@pagamento, mode:PICK
2025-12-08 15:28:47, EXEC, v:1, k:poo@pagamento, mode:LOCK, rate:0, size:196
2025-12-08 15:28:54, MOVE, v:1, k:poo@pagamento, mode:BACK
2025-12-08 15:29:22, SELF, v:1, k:poo@pagamento, rate:100, alone:10, study:130
2025-12-08 15:39:23, MOVE, v:1, k:poo@shapes, mode:DOWN
2025-12-08 15:46:41, MOVE, v:1, k:poo@estacionamento, mode:DOWN
2025-12-08 16:10:08, MOVE, v:1, k:poo@estacionamento, mode:PICK
2025-12-08 16:10:11, MOVE, v:1, k:poo@estacionamento, mode:BACK
2025-12-08 16:10:32, MOVE, v:1, k:poo@estacionamento, mode:PICK
2025-12-08 16:10:32, EXEC, v:1, k:poo@estacionamento, mode:FULL, rate:0, size:0
2025-12-08 16:10:33, MOVE, v:1, k:poo@estacionamento, mode:BACK
2025-12-08 16:10:39, MOVE, v:1, k:poo@estacionamento, mode:PICK
2025-12-08 16:10:39, EXEC, v:1, k:poo@estacionamento, mode:FULL, rate:0, size:34
2025-12-08 16:10:50, MOVE, v:1, k:poo@estacionamento, mode:BACK
2025-12-08 16:10:53, MOVE, v:1, k:poo@estacionamento, mode:PICK
2025-12-08 16:11:03, MOVE, v:1, k:poo@estacionamento, mode:BACK
2025-12-08 16:16:21, MOVE, v:1, k:poo@estacionamento, mode:PICK
2025-12-08 16:16:22, EXEC, v:1, k:poo@estacionamento, mode:FULL, rate:0, size:44
2025-12-08 16:16:24, MOVE, v:1, k:poo@estacionamento, mode:BACK
2025-12-08 16:16:25, MOVE, v:1, k:poo@estacionamento, mode:PICK
2025-12-08 16:16:25, EXEC, v:1, k:poo@estacionamento, mode:FREE
2025-12-08 16:17:06, MOVE, v:1, k:poo@estacionamento, mode:BACK
2025-12-08 16:25:00, MOVE, v:1, k:poo@estacionamento, mode:PICK
2025-12-08 16:25:01, EXEC, v:1, k:poo@estacionamento, mode:FULL, rate:0, size:55
2025-12-08 16:25:02, MOVE, v:1, k:poo@estacionamento, mode:BACK
2025-12-08 16:25:03, MOVE, v:1, k:poo@estacionamento, mode:PICK
2025-12-08 16:25:03, EXEC, v:1, k:poo@estacionamento, mode:FREE
2025-12-08 16:25:06, MOVE, v:1, k:poo@estacionamento, mode:BACK
2025-12-08 16:32:59, MOVE, v:1, k:poo@estacionamento, mode:PICK
2025-12-08 16:33:02, EXEC, v:1, k:poo@estacionamento, mode:FULL, rate:0, size:65
2025-12-08 16:33:02, EXEC, v:1, k:poo@estacionamento, mode:FREE, size:65
2025-12-08 16:33:05, MOVE, v:1, k:poo@estacionamento, mode:BACK
2025-12-08 23:17:23, MOVE, v:1, k:poo@estacionamento, mode:PICK
2025-12-08 23:17:27, EXEC, v:1, k:poo@estacionamento, mode:FULL, rate:0, size:66
2025-12-08 23:17:28, EXEC, v:1, k:poo@estacionamento, mode:FREE
2025-12-08 23:17:32, MOVE, v:1, k:poo@estacionamento, mode:BACK
2025-12-08 23:17:35, MOVE, v:1, k:poo@estacionamento, mode:PICK
2025-12-08 23:19:33, MOVE, v:1, k:poo@estacionamento, mode:BACK
